app/build (1)/intermediates/manifest_merge_blame_file (1)/debug/manifest-merger-blame-debug-report.txt
1<?xml version="1.0" encoding="utf-8"?>
2<manifest xmlns:android="http://schemas.android.com/apk/res/android"
3    package="com.example.konekapp"
4    android:versionCode="1"
5    android:versionName="1.0" >
6
7    <uses-sdk
8        android:minSdkVersion="23"
8-->src\main\AndroidManifest.xml
9        android:targetSdkVersion="33" />
9-->src\main\AndroidManifest.xml
10
11    <uses-permission android:name="android.permission.INTERNET" />
11-->src\main\AndroidManifest.xml:5:5-67
11-->src\main\AndroidManifest.xml:5:22-64
12    <uses-permission android:name="android.permission.READ_EXTERNAL_STORAGE" />
12-->src\main\AndroidManifest.xml:6:5-80
12-->src\main\AndroidManifest.xml:6:22-77
13    <uses-permission android:name="android.permission.WRITE_EXTERNAL_STORAGE" />
13-->src\main\AndroidManifest.xml:7:5-81
13-->src\main\AndroidManifest.xml:7:22-78
14    <uses-permission android:name="android.permission.ACCESS_NETWORK_STATE" />
14-->[com.google.firebase:firebase-auth:21.1.0] AndroidManifest.xml:24:5-79
14-->[com.google.firebase:firebase-auth:21.1.0] AndroidManifest.xml:24:22-76
15    <uses-permission android:name="android.permission.WAKE_LOCK" />
15-->[com.google.android.gms:play-services-measurement-api:21.2.0] AndroidManifest.xml:24:5-68
15-->[com.google.android.gms:play-services-measurement-api:21.2.0] AndroidManifest.xml:24:22-65
16    <uses-permission android:name="com.google.android.gms.permission.AD_ID" />
16-->[com.google.android.gms:play-services-measurement-api:21.2.0] AndroidManifest.xml:25:5-79
16-->[com.google.android.gms:play-services-measurement-api:21.2.0] AndroidManifest.xml:25:22-76
17    <uses-permission android:name="com.google.android.finsky.permission.BIND_GET_INSTALL_REFERRER_SERVICE" />
17-->[com.google.android.gms:play-services-measurement:21.2.0] AndroidManifest.xml:26:5-110
17-->[com.google.android.gms:play-services-measurement:21.2.0] AndroidManifest.xml:26:22-107
18
19    <permission
19-->[androidx.core:core:1.9.0] AndroidManifest.xml:22:5-24:47
20        android:name="com.example.konekapp.DYNAMIC_RECEIVER_NOT_EXPORTED_PERMISSION"
20-->[androidx.core:core:1.9.0] AndroidManifest.xml:23:9-81
21        android:protectionLevel="signature" />
21-->[androidx.core:core:1.9.0] AndroidManifest.xml:24:9-44
22
23    <uses-permission android:name="com.example.konekapp.DYNAMIC_RECEIVER_NOT_EXPORTED_PERMISSION" />
23-->[androidx.core:core:1.9.0] AndroidManifest.xml:26:5-97
23-->[androidx.core:core:1.9.0] AndroidManifest.xml:26:22-94
24
25    <application
25-->src\main\AndroidManifest.xml:9:5-356:19
26        android:allowBackup="true"
26-->src\main\AndroidManifest.xml:10:9-35
27        android:appComponentFactory="androidx.core.app.CoreComponentFactory"
27-->[androidx.core:core:1.9.0] AndroidManifest.xml:28:18-86
28        android:dataExtractionRules="@xml/data_extraction_rules"
28-->src\main\AndroidManifest.xml:11:9-65
29        android:debuggable="true"
30        android:extractNativeLibs="false"
31        android:fullBackupContent="@xml/backup_rules"
31-->src\main\AndroidManifest.xml:12:9-54
32        android:icon="@mipmap/ic_launcher"
32-->src\main\AndroidManifest.xml:13:9-43
33        android:label="@string/app_name"
33-->src\main\AndroidManifest.xml:14:9-41
34        android:roundIcon="@mipmap/ic_launcher_round"
34-->src\main\AndroidManifest.xml:15:9-54
35        android:supportsRtl="true"
35-->src\main\AndroidManifest.xml:16:9-35
36        android:testOnly="true"
37        android:theme="@style/Theme.KonekApp"
37-->src\main\AndroidManifest.xml:17:9-46
38        android:usesCleartextTraffic="true" >
38-->src\main\AndroidManifest.xml:18:9-44
39        <activity
39-->src\main\AndroidManifest.xml:20:9-26:20
40            android:name="com.example.konekapp.ui.dashboard.manageuser.upgrademitra.DetailUpgradeMitraActivity"
40-->src\main\AndroidManifest.xml:21:13-92
41            android:exported="false" >
41-->src\main\AndroidManifest.xml:22:13-37
42            <meta-data
42-->src\main\AndroidManifest.xml:23:13-25:36
43                android:name="android.app.lib_name"
43-->src\main\AndroidManifest.xml:24:17-52
44                android:value="" />
44-->src\main\AndroidManifest.xml:25:17-33
45        </activity>
46        <activity
46-->src\main\AndroidManifest.xml:27:9-33:20
47            android:name="com.example.konekapp.ui.dashboard.manageuser.upgrademitra.UpgradeMitraActivity"
47-->src\main\AndroidManifest.xml:28:13-86
48            android:exported="false" >
48-->src\main\AndroidManifest.xml:29:13-37
49            <meta-data
49-->src\main\AndroidManifest.xml:23:13-25:36
50                android:name="android.app.lib_name"
50-->src\main\AndroidManifest.xml:24:17-52
51                android:value="" />
51-->src\main\AndroidManifest.xml:25:17-33
52        </activity>
53        <activity
53-->src\main\AndroidManifest.xml:34:9-40:20
54            android:name="com.example.konekapp.ui.dashboard.manageuser.manageuser.DetailManageUserActivity"
54-->src\main\AndroidManifest.xml:35:13-88
55            android:exported="false" >
55-->src\main\AndroidManifest.xml:36:13-37
56            <meta-data
56-->src\main\AndroidManifest.xml:23:13-25:36
57                android:name="android.app.lib_name"
57-->src\main\AndroidManifest.xml:24:17-52
58                android:value="" />
58-->src\main\AndroidManifest.xml:25:17-33
59        </activity>
60        <activity
60-->src\main\AndroidManifest.xml:41:9-47:20
61            android:name="com.example.konekapp.ui.dashboard.manageuser.manageuser.ManageUserActivity"
61-->src\main\AndroidManifest.xml:42:13-82
62            android:exported="false" >
62-->src\main\AndroidManifest.xml:43:13-37
63            <meta-data
63-->src\main\AndroidManifest.xml:23:13-25:36
64                android:name="android.app.lib_name"
64-->src\main\AndroidManifest.xml:24:17-52
65                android:value="" />
65-->src\main\AndroidManifest.xml:25:17-33
66        </activity>
67        <activity
67-->src\main\AndroidManifest.xml:48:9-54:20
68            android:name="com.example.konekapp.ui.dashboard.account.privacypolicy.PrivacyPolicyActivity"
68-->src\main\AndroidManifest.xml:49:13-85
69            android:exported="false" >
69-->src\main\AndroidManifest.xml:50:13-37
70            <meta-data
70-->src\main\AndroidManifest.xml:23:13-25:36
71                android:name="android.app.lib_name"
71-->src\main\AndroidManifest.xml:24:17-52
72                android:value="" />
72-->src\main\AndroidManifest.xml:25:17-33
73        </activity>
74        <activity
74-->src\main\AndroidManifest.xml:55:9-61:20
75            android:name="com.example.konekapp.ui.dashboard.home.registermitra.RegisterMitraDeclinedActivity"
75-->src\main\AndroidManifest.xml:56:13-90
76            android:exported="false" >
76-->src\main\AndroidManifest.xml:57:13-37
77            <meta-data
77-->src\main\AndroidManifest.xml:23:13-25:36
78                android:name="android.app.lib_name"
78-->src\main\AndroidManifest.xml:24:17-52
79                android:value="" />
79-->src\main\AndroidManifest.xml:25:17-33
80        </activity>
81        <activity
81-->src\main\AndroidManifest.xml:62:9-68:20
82            android:name="com.example.konekapp.ui.dashboard.home.registermitra.RegisterMitraApprovedActivity"
82-->src\main\AndroidManifest.xml:63:13-90
83            android:exported="false" >
83-->src\main\AndroidManifest.xml:64:13-37
84            <meta-data
84-->src\main\AndroidManifest.xml:23:13-25:36
85                android:name="android.app.lib_name"
85-->src\main\AndroidManifest.xml:24:17-52
86                android:value="" />
86-->src\main\AndroidManifest.xml:25:17-33
87        </activity>
88        <activity
88-->src\main\AndroidManifest.xml:69:9-75:20
89            android:name="com.example.konekapp.ui.dashboard.home.crops.mitracrops.MitraCropsListActivity"
89-->src\main\AndroidManifest.xml:70:13-86
90            android:exported="false" >
90-->src\main\AndroidManifest.xml:71:13-37
91            <meta-data
91-->src\main\AndroidManifest.xml:23:13-25:36
92                android:name="android.app.lib_name"
92-->src\main\AndroidManifest.xml:24:17-52
93                android:value="" />
93-->src\main\AndroidManifest.xml:25:17-33
94        </activity>
95        <activity
95-->src\main\AndroidManifest.xml:76:9-82:20
96            android:name="com.example.konekapp.ui.dashboard.home.crops.adminandahlitanicrops.AdminEditMitraCrops"
96-->src\main\AndroidManifest.xml:77:13-94
97            android:exported="false" >
97-->src\main\AndroidManifest.xml:78:13-37
98            <meta-data
98-->src\main\AndroidManifest.xml:23:13-25:36
99                android:name="android.app.lib_name"
99-->src\main\AndroidManifest.xml:24:17-52
100                android:value="" />
100-->src\main\AndroidManifest.xml:25:17-33
101        </activity>
102        <activity
102-->src\main\AndroidManifest.xml:83:9-89:20
103            android:name="com.example.konekapp.ui.dashboard.home.crops.adminandahlitanicrops.CommodityCropsActivity"
103-->src\main\AndroidManifest.xml:84:13-97
104            android:exported="false" >
104-->src\main\AndroidManifest.xml:85:13-37
105            <meta-data
105-->src\main\AndroidManifest.xml:23:13-25:36
106                android:name="android.app.lib_name"
106-->src\main\AndroidManifest.xml:24:17-52
107                android:value="" />
107-->src\main\AndroidManifest.xml:25:17-33
108        </activity>
109        <activity
109-->src\main\AndroidManifest.xml:90:9-96:20
110            android:name="com.example.konekapp.ui.dashboard.home.crops.adminandahlitanicrops.AhliTaniAndAdminCropsActivity"
110-->src\main\AndroidManifest.xml:91:13-104
111            android:exported="false" >
111-->src\main\AndroidManifest.xml:92:13-37
112            <meta-data
112-->src\main\AndroidManifest.xml:23:13-25:36
113                android:name="android.app.lib_name"
113-->src\main\AndroidManifest.xml:24:17-52
114                android:value="" />
114-->src\main\AndroidManifest.xml:25:17-33
115        </activity>
116        <activity
116-->src\main\AndroidManifest.xml:97:9-103:20
117            android:name="com.example.konekapp.ui.dashboard.home.crops.mitracrops.EditMitraCropsActivity"
117-->src\main\AndroidManifest.xml:98:13-86
118            android:exported="false" >
118-->src\main\AndroidManifest.xml:99:13-37
119            <meta-data
119-->src\main\AndroidManifest.xml:23:13-25:36
120                android:name="android.app.lib_name"
120-->src\main\AndroidManifest.xml:24:17-52
121                android:value="" />
121-->src\main\AndroidManifest.xml:25:17-33
122        </activity>
123        <activity
123-->src\main\AndroidManifest.xml:104:9-110:20
124            android:name="com.example.konekapp.ui.dashboard.home.crops.mitracrops.MitraCropsStatusActivity"
124-->src\main\AndroidManifest.xml:105:13-88
125            android:exported="false" >
125-->src\main\AndroidManifest.xml:106:13-37
126            <meta-data
126-->src\main\AndroidManifest.xml:23:13-25:36
127                android:name="android.app.lib_name"
127-->src\main\AndroidManifest.xml:24:17-52
128                android:value="" />
128-->src\main\AndroidManifest.xml:25:17-33
129        </activity>
130        <activity
130-->src\main\AndroidManifest.xml:111:9-117:20
131            android:name="com.example.konekapp.ui.dashboard.home.crops.mitracrops.PreMitraCropsActivity"
131-->src\main\AndroidManifest.xml:112:13-85
132            android:exported="false" >
132-->src\main\AndroidManifest.xml:113:13-37
133            <meta-data
133-->src\main\AndroidManifest.xml:23:13-25:36
134                android:name="android.app.lib_name"
134-->src\main\AndroidManifest.xml:24:17-52
135                android:value="" />
135-->src\main\AndroidManifest.xml:25:17-33
136        </activity>
137        <activity
137-->src\main\AndroidManifest.xml:118:9-124:20
138            android:name="com.example.konekapp.ui.dashboard.home.waitingreview.WaitingReviewActivity"
138-->src\main\AndroidManifest.xml:119:13-82
139            android:exported="false" >
139-->src\main\AndroidManifest.xml:120:13-37
140            <meta-data
140-->src\main\AndroidManifest.xml:23:13-25:36
141                android:name="android.app.lib_name"
141-->src\main\AndroidManifest.xml:24:17-52
142                android:value="" />
142-->src\main\AndroidManifest.xml:25:17-33
143        </activity>
144        <activity
144-->src\main\AndroidManifest.xml:125:9-131:20
145            android:name="com.example.konekapp.ui.toregistmitra.ToRegistMitraActivity"
145-->src\main\AndroidManifest.xml:126:13-67
146            android:exported="false" >
146-->src\main\AndroidManifest.xml:127:13-37
147            <meta-data
147-->src\main\AndroidManifest.xml:23:13-25:36
148                android:name="android.app.lib_name"
148-->src\main\AndroidManifest.xml:24:17-52
149                android:value="" />
149-->src\main\AndroidManifest.xml:25:17-33
150        </activity>
151        <activity
151-->src\main\AndroidManifest.xml:132:9-140:20
152            android:name="com.example.konekapp.ui.dashboard.home.crops.mitracrops.MitraCropsActivity"
152-->src\main\AndroidManifest.xml:133:13-82
153            android:exported="false"
153-->src\main\AndroidManifest.xml:134:13-37
154            android:screenOrientation="portrait"
154-->src\main\AndroidManifest.xml:135:13-49
155            android:windowSoftInputMode="adjustPan" >
155-->src\main\AndroidManifest.xml:136:13-52
156            <meta-data
156-->src\main\AndroidManifest.xml:23:13-25:36
157                android:name="android.app.lib_name"
157-->src\main\AndroidManifest.xml:24:17-52
158                android:value="" />
158-->src\main\AndroidManifest.xml:25:17-33
159        </activity>
160        <activity
160-->src\main\AndroidManifest.xml:141:9-147:20
161            android:name="com.example.konekapp.ui.dashboard.manageuser.managemitra.requestmitra.DetailManageMitra"
161-->src\main\AndroidManifest.xml:142:13-82
162            android:exported="false" >
162-->src\main\AndroidManifest.xml:143:13-37
163            <meta-data
163-->src\main\AndroidManifest.xml:23:13-25:36
164                android:name="android.app.lib_name"
164-->src\main\AndroidManifest.xml:24:17-52
165                android:value="" />
165-->src\main\AndroidManifest.xml:25:17-33
166        </activity>
167        <activity
167-->src\main\AndroidManifest.xml:148:9-156:20
168            android:name="com.example.konekapp.ui.dashboard.home.plant.drug.adddrug.AddObatActivity"
168-->src\main\AndroidManifest.xml:149:13-81
169            android:exported="false"
169-->src\main\AndroidManifest.xml:150:13-37
170            android:screenOrientation="portrait"
170-->src\main\AndroidManifest.xml:151:13-49
171            android:windowSoftInputMode="adjustPan" >
171-->src\main\AndroidManifest.xml:152:13-52
172            <meta-data
172-->src\main\AndroidManifest.xml:23:13-25:36
173                android:name="android.app.lib_name"
173-->src\main\AndroidManifest.xml:24:17-52
174                android:value="" />
174-->src\main\AndroidManifest.xml:25:17-33
175        </activity>
176        <activity
176-->src\main\AndroidManifest.xml:157:9-165:20
177            android:name="com.example.konekapp.ui.dashboard.home.plant.disease.adddisease.AddPenyakitActivity"
177-->src\main\AndroidManifest.xml:158:13-91
178            android:exported="false"
178-->src\main\AndroidManifest.xml:159:13-37
179            android:screenOrientation="portrait"
179-->src\main\AndroidManifest.xml:160:13-49
180            android:windowSoftInputMode="adjustPan" >
180-->src\main\AndroidManifest.xml:161:13-52
181            <meta-data
181-->src\main\AndroidManifest.xml:23:13-25:36
182                android:name="android.app.lib_name"
182-->src\main\AndroidManifest.xml:24:17-52
183                android:value="" />
183-->src\main\AndroidManifest.xml:25:17-33
184        </activity>
185        <activity
185-->src\main\AndroidManifest.xml:166:9-173:20
186            android:name="com.example.konekapp.ui.dashboard.manageuser.managemitra.requestmitra.ManageMitra"
186-->src\main\AndroidManifest.xml:167:13-76
187            android:exported="false"
187-->src\main\AndroidManifest.xml:168:13-37
188            android:screenOrientation="portrait" >
188-->src\main\AndroidManifest.xml:169:13-49
189            <meta-data
189-->src\main\AndroidManifest.xml:23:13-25:36
190                android:name="android.app.lib_name"
190-->src\main\AndroidManifest.xml:24:17-52
191                android:value="" />
191-->src\main\AndroidManifest.xml:25:17-33
192        </activity>
193        <activity
193-->src\main\AndroidManifest.xml:174:9-182:20
194            android:name="com.example.konekapp.ui.dashboard.home.plant.addplant.AddTanamanActivity"
194-->src\main\AndroidManifest.xml:175:13-80
195            android:exported="false"
195-->src\main\AndroidManifest.xml:176:13-37
196            android:screenOrientation="portrait"
196-->src\main\AndroidManifest.xml:177:13-49
197            android:windowSoftInputMode="adjustPan" >
197-->src\main\AndroidManifest.xml:178:13-52
198            <meta-data
198-->src\main\AndroidManifest.xml:23:13-25:36
199                android:name="android.app.lib_name"
199-->src\main\AndroidManifest.xml:24:17-52
200                android:value="" />
200-->src\main\AndroidManifest.xml:25:17-33
201        </activity>
202        <activity
202-->src\main\AndroidManifest.xml:183:9-190:20
203            android:name="com.example.konekapp.ui.dashboard.home.plant.TanamanActivity"
203-->src\main\AndroidManifest.xml:184:13-68
204            android:exported="false"
204-->src\main\AndroidManifest.xml:185:13-37
205            android:screenOrientation="portrait" >
205-->src\main\AndroidManifest.xml:186:13-49
206            <meta-data
206-->src\main\AndroidManifest.xml:23:13-25:36
207                android:name="android.app.lib_name"
207-->src\main\AndroidManifest.xml:24:17-52
208                android:value="" />
208-->src\main\AndroidManifest.xml:25:17-33
209        </activity>
210        <activity
210-->src\main\AndroidManifest.xml:191:9-198:20
211            android:name="com.example.konekapp.ui.dashboard.home.plant.PenyakitDanObatActivity"
211-->src\main\AndroidManifest.xml:192:13-76
212            android:exported="false"
212-->src\main\AndroidManifest.xml:193:13-37
213            android:screenOrientation="portrait" >
213-->src\main\AndroidManifest.xml:194:13-49
214            <meta-data
214-->src\main\AndroidManifest.xml:23:13-25:36
215                android:name="android.app.lib_name"
215-->src\main\AndroidManifest.xml:24:17-52
216                android:value="" />
216-->src\main\AndroidManifest.xml:25:17-33
217        </activity>
218        <activity
218-->src\main\AndroidManifest.xml:199:9-206:20
219            android:name="com.example.konekapp.ui.dashboard.home.consultation.consultationahlitani.ConsultationToMitraActivity"
219-->src\main\AndroidManifest.xml:200:13-108
220            android:exported="false"
220-->src\main\AndroidManifest.xml:201:13-37
221            android:screenOrientation="portrait" >
221-->src\main\AndroidManifest.xml:202:13-49
222            <meta-data
222-->src\main\AndroidManifest.xml:23:13-25:36
223                android:name="android.app.lib_name"
223-->src\main\AndroidManifest.xml:24:17-52
224                android:value="" />
224-->src\main\AndroidManifest.xml:25:17-33
225        </activity>
226        <activity
226-->src\main\AndroidManifest.xml:207:9-214:20
227            android:name="com.example.konekapp.ui.dashboard.home.consultation.chatroom.ChatRoomActivity"
227-->src\main\AndroidManifest.xml:208:13-85
228            android:exported="false"
228-->src\main\AndroidManifest.xml:209:13-37
229            android:screenOrientation="portrait" >
229-->src\main\AndroidManifest.xml:210:13-49
230            <meta-data
230-->src\main\AndroidManifest.xml:23:13-25:36
231                android:name="android.app.lib_name"
231-->src\main\AndroidManifest.xml:24:17-52
232                android:value="" />
232-->src\main\AndroidManifest.xml:25:17-33
233        </activity>
234        <activity
234-->src\main\AndroidManifest.xml:215:9-223:20
235            android:name="com.example.konekapp.ui.dashboard.home.article.addarticle.AddArtikelActivity"
235-->src\main\AndroidManifest.xml:216:13-84
236            android:exported="false"
236-->src\main\AndroidManifest.xml:217:13-37
237            android:screenOrientation="portrait"
237-->src\main\AndroidManifest.xml:218:13-49
238            android:windowSoftInputMode="adjustPan" >
238-->src\main\AndroidManifest.xml:219:13-52
239            <meta-data
239-->src\main\AndroidManifest.xml:23:13-25:36
240                android:name="android.app.lib_name"
240-->src\main\AndroidManifest.xml:24:17-52
241                android:value="" />
241-->src\main\AndroidManifest.xml:25:17-33
242        </activity>
243        <activity
243-->src\main\AndroidManifest.xml:224:9-231:20
244            android:name="com.example.konekapp.ui.dashboard.home.article.DetailArtikelActivity"
244-->src\main\AndroidManifest.xml:225:13-76
245            android:exported="false"
245-->src\main\AndroidManifest.xml:226:13-37
246            android:screenOrientation="portrait" >
246-->src\main\AndroidManifest.xml:227:13-49
247            <meta-data
247-->src\main\AndroidManifest.xml:23:13-25:36
248                android:name="android.app.lib_name"
248-->src\main\AndroidManifest.xml:24:17-52
249                android:value="" />
249-->src\main\AndroidManifest.xml:25:17-33
250        </activity>
251        <activity
251-->src\main\AndroidManifest.xml:232:9-239:20
252            android:name="com.example.konekapp.ui.dashboard.home.consultation.consultationmitra.ConsultationToAhliTaniActivity"
252-->src\main\AndroidManifest.xml:233:13-108
253            android:exported="false"
253-->src\main\AndroidManifest.xml:234:13-37
254            android:screenOrientation="portrait" >
254-->src\main\AndroidManifest.xml:235:13-49
255            <meta-data
255-->src\main\AndroidManifest.xml:23:13-25:36
256                android:name="android.app.lib_name"
256-->src\main\AndroidManifest.xml:24:17-52
257                android:value="" />
257-->src\main\AndroidManifest.xml:25:17-33
258        </activity>
259        <activity
259-->src\main\AndroidManifest.xml:240:9-247:20
260            android:name="com.example.konekapp.ui.dashboard.home.consultation.addconsultation.mitra.TambahKonsultasiToAhliTaniActivity"
260-->src\main\AndroidManifest.xml:241:13-116
261            android:exported="false"
261-->src\main\AndroidManifest.xml:242:13-37
262            android:screenOrientation="portrait" >
262-->src\main\AndroidManifest.xml:243:13-49
263            <meta-data
263-->src\main\AndroidManifest.xml:23:13-25:36
264                android:name="android.app.lib_name"
264-->src\main\AndroidManifest.xml:24:17-52
265                android:value="" />
265-->src\main\AndroidManifest.xml:25:17-33
266        </activity>
267        <activity
267-->src\main\AndroidManifest.xml:248:9-256:20
268            android:name="com.example.konekapp.ui.dashboard.home.article.editarticle.EditArtikelActivity"
268-->src\main\AndroidManifest.xml:249:13-86
269            android:exported="false"
269-->src\main\AndroidManifest.xml:250:13-37
270            android:screenOrientation="portrait"
270-->src\main\AndroidManifest.xml:251:13-49
271            android:windowSoftInputMode="adjustPan" >
271-->src\main\AndroidManifest.xml:252:13-52
272            <meta-data
272-->src\main\AndroidManifest.xml:23:13-25:36
273                android:name="android.app.lib_name"
273-->src\main\AndroidManifest.xml:24:17-52
274                android:value="" />
274-->src\main\AndroidManifest.xml:25:17-33
275        </activity>
276        <activity
276-->src\main\AndroidManifest.xml:257:9-264:20
277            android:name="com.example.konekapp.ui.dashboard.home.article.ArtikelActivity"
277-->src\main\AndroidManifest.xml:258:13-70
278            android:exported="false"
278-->src\main\AndroidManifest.xml:259:13-37
279            android:screenOrientation="portrait" >
279-->src\main\AndroidManifest.xml:260:13-49
280            <meta-data
280-->src\main\AndroidManifest.xml:23:13-25:36
281                android:name="android.app.lib_name"
281-->src\main\AndroidManifest.xml:24:17-52
282                android:value="" />
282-->src\main\AndroidManifest.xml:25:17-33
283        </activity>
284        <activity
284-->src\main\AndroidManifest.xml:265:9-272:20
285            android:name="com.example.konekapp.ui.login.completeprofile.CompleteProfileSuccess"
285-->src\main\AndroidManifest.xml:266:13-76
286            android:exported="false"
286-->src\main\AndroidManifest.xml:267:13-37
287            android:screenOrientation="portrait" >
287-->src\main\AndroidManifest.xml:268:13-49
288            <meta-data
288-->src\main\AndroidManifest.xml:23:13-25:36
289                android:name="android.app.lib_name"
289-->src\main\AndroidManifest.xml:24:17-52
290                android:value="" />
290-->src\main\AndroidManifest.xml:25:17-33
291        </activity>
292        <activity
292-->src\main\AndroidManifest.xml:273:9-286:20
293            android:name="com.example.konekapp.ui.splashscreen.SplashScreenActivity"
293-->src\main\AndroidManifest.xml:274:13-65
294            android:exported="true"
294-->src\main\AndroidManifest.xml:275:13-36
295            android:screenOrientation="portrait" >
295-->src\main\AndroidManifest.xml:276:13-49
296            <intent-filter>
296-->src\main\AndroidManifest.xml:277:13-281:29
297                <action android:name="android.intent.action.MAIN" />
297-->src\main\AndroidManifest.xml:278:17-69
297-->src\main\AndroidManifest.xml:278:25-66
298
299                <category android:name="android.intent.category.LAUNCHER" />
299-->src\main\AndroidManifest.xml:280:17-77
299-->src\main\AndroidManifest.xml:280:27-74
300            </intent-filter>
301
302            <meta-data
302-->src\main\AndroidManifest.xml:23:13-25:36
303                android:name="android.app.lib_name"
303-->src\main\AndroidManifest.xml:24:17-52
304                android:value="" />
304-->src\main\AndroidManifest.xml:25:17-33
305        </activity>
306        <activity
306-->src\main\AndroidManifest.xml:287:9-294:20
307            android:name="com.example.konekapp.ui.dashboard.home.registermitra.RegisterSuccessActivity"
307-->src\main\AndroidManifest.xml:288:13-84
308            android:exported="false"
308-->src\main\AndroidManifest.xml:289:13-37
309            android:screenOrientation="portrait" >
309-->src\main\AndroidManifest.xml:290:13-49
310            <meta-data
310-->src\main\AndroidManifest.xml:23:13-25:36
311                android:name="android.app.lib_name"
311-->src\main\AndroidManifest.xml:24:17-52
312                android:value="" />
312-->src\main\AndroidManifest.xml:25:17-33
313        </activity>
314        <activity
314-->src\main\AndroidManifest.xml:295:9-303:20
315            android:name="com.example.konekapp.ui.dashboard.home.registermitra.RegisterMitraActivity"
315-->src\main\AndroidManifest.xml:296:13-82
316            android:exported="false"
316-->src\main\AndroidManifest.xml:297:13-37
317            android:screenOrientation="portrait"
317-->src\main\AndroidManifest.xml:298:13-49
318            android:windowSoftInputMode="adjustPan" >
318-->src\main\AndroidManifest.xml:299:13-52
319            <meta-data
319-->src\main\AndroidManifest.xml:23:13-25:36
320                android:name="android.app.lib_name"
320-->src\main\AndroidManifest.xml:24:17-52
321                android:value="" />
321-->src\main\AndroidManifest.xml:25:17-33
322        </activity>
323        <activity
323-->src\main\AndroidManifest.xml:304:9-312:20
324            android:name="com.example.konekapp.ui.dashboard.account.profile.EditProfileActivity"
324-->src\main\AndroidManifest.xml:305:13-77
325            android:exported="false"
325-->src\main\AndroidManifest.xml:306:13-37
326            android:screenOrientation="portrait"
326-->src\main\AndroidManifest.xml:307:13-49
327            android:windowSoftInputMode="adjustPan" >
327-->src\main\AndroidManifest.xml:308:13-52
328            <meta-data
328-->src\main\AndroidManifest.xml:23:13-25:36
329                android:name="android.app.lib_name"
329-->src\main\AndroidManifest.xml:24:17-52
330                android:value="" />
330-->src\main\AndroidManifest.xml:25:17-33
331        </activity>
332        <activity
332-->src\main\AndroidManifest.xml:313:9-320:20
333            android:name="com.example.konekapp.ui.dashboard.account.profile.ProfileActivity"
333-->src\main\AndroidManifest.xml:314:13-73
334            android:exported="false"
334-->src\main\AndroidManifest.xml:315:13-37
335            android:screenOrientation="portrait" >
335-->src\main\AndroidManifest.xml:316:13-49
336            <meta-data
336-->src\main\AndroidManifest.xml:23:13-25:36
337                android:name="android.app.lib_name"
337-->src\main\AndroidManifest.xml:24:17-52
338                android:value="" />
338-->src\main\AndroidManifest.xml:25:17-33
339        </activity>
340        <activity
340-->src\main\AndroidManifest.xml:321:9-328:20
341            android:name="com.example.konekapp.ui.login.completeprofile.CompleteProfileActivity"
341-->src\main\AndroidManifest.xml:322:13-77
342            android:exported="false"
342-->src\main\AndroidManifest.xml:323:13-37
343            android:screenOrientation="portrait" >
343-->src\main\AndroidManifest.xml:324:13-49
344            <meta-data
344-->src\main\AndroidManifest.xml:23:13-25:36
345                android:name="android.app.lib_name"
345-->src\main\AndroidManifest.xml:24:17-52
346                android:value="" />
346-->src\main\AndroidManifest.xml:25:17-33
347        </activity>
348        <activity
348-->src\main\AndroidManifest.xml:329:9-336:20
349            android:name="com.example.konekapp.ui.login.LoginPhoneActivity"
349-->src\main\AndroidManifest.xml:330:13-56
350            android:exported="false"